<?xml version="1.0" encoding="UTF-8"?>
<testng-results ignored="0" total="3" passed="2" failed="1" skipped="0">
  <reporter-output>
  </reporter-output>
  <suite started-at="2024-09-11T20:06:51 IST" name="Default suite" finished-at="2024-09-11T20:06:58 IST" duration-ms="7395">
    <groups>
    </groups>
    <test started-at="2024-09-11T20:06:51 IST" name="Default test" finished-at="2024-09-11T20:06:58 IST" duration-ms="7395">
      <class name="com.germany_is_calling.login.Login_Test">
        <test-method is-config="true" signature="setUp()[pri:0, instance:com.germany_is_calling.login.Login_Test@292b08d6]" started-at="2024-09-11T20:06:51 IST" name="setUp" finished-at="2024-09-11T20:06:54 IST" duration-ms="2768" status="PASS">
          <reporter-output>
          </reporter-output>
        </test-method> <!-- setUp -->
        <test-method signature="clickSignUp()[pri:1, instance:com.germany_is_calling.login.Login_Test@292b08d6]" started-at="2024-09-11T20:06:54 IST" name="clickSignUp" finished-at="2024-09-11T20:06:54 IST" duration-ms="268" status="PASS">
          <reporter-output>
          </reporter-output>
        </test-method> <!-- clickSignUp -->
        <test-method is-config="true" signature="tearDown()[pri:0, instance:com.germany_is_calling.login.Login_Test@292b08d6]" started-at="2024-09-11T20:06:54 IST" name="tearDown" finished-at="2024-09-11T20:06:54 IST" duration-ms="176" status="PASS">
          <reporter-output>
          </reporter-output>
        </test-method> <!-- tearDown -->
        <test-method is-config="true" signature="setUp()[pri:0, instance:com.germany_is_calling.login.Login_Test@292b08d6]" started-at="2024-09-11T20:06:54 IST" name="setUp" finished-at="2024-09-11T20:06:56 IST" duration-ms="1450" status="PASS">
          <reporter-output>
          </reporter-output>
        </test-method> <!-- setUp -->
        <test-method signature="signUpSuccessful()[pri:2, instance:com.germany_is_calling.login.Login_Test@292b08d6]" started-at="2024-09-11T20:06:56 IST" name="signUpSuccessful" finished-at="2024-09-11T20:06:56 IST" duration-ms="1" status="FAIL">
          <exception class="java.lang.Error">
            <message>
              <![CDATA[Unresolved compilation problems: 
Syntax error, insert ")" to complete MethodInvocation
Syntax error, insert ";" to complete Statement
Syntax error, insert "}" to complete Block
]]>
            </message>
            <full-stacktrace>
              <![CDATA[java.lang.Error: Unresolved compilation problems: 
Syntax error, insert ")" to complete MethodInvocation
Syntax error, insert ";" to complete Statement
Syntax error, insert "}" to complete Block

at com.germany_is_calling.login.Login_Test.signUpSuccessful(Login_Test.java:96)
at java.base/jdk.internal.reflect.DirectMethodHandleAccessor.invoke(DirectMethodHandleAccessor.java:103)
at java.base/java.lang.reflect.Method.invoke(Method.java:580)
at org.testng.internal.invokers.MethodInvocationHelper.invokeMethod(MethodInvocationHelper.java:141)
at org.testng.internal.invokers.TestInvoker.invokeMethod(TestInvoker.java:686)
at org.testng.internal.invokers.TestInvoker.invokeTestMethod(TestInvoker.java:230)
at org.testng.internal.invokers.MethodRunner.runInSequence(MethodRunner.java:63)
at org.testng.internal.invokers.TestInvoker$MethodInvocationAgent.invoke(TestInvoker.java:992)
at org.testng.internal.invokers.TestInvoker.invokeTestMethods(TestInvoker.java:203)
at org.testng.internal.invokers.TestMethodWorker.invokeTestMethods(TestMethodWorker.java:154)
at org.testng.internal.invokers.TestMethodWorker.run(TestMethodWorker.java:134)
at java.base/java.util.ArrayList.forEach(ArrayList.java:1597)
at org.testng.TestRunner.privateRun(TestRunner.java:739)
at org.testng.TestRunner.run(TestRunner.java:614)
at org.testng.SuiteRunner.runTest(SuiteRunner.java:421)
at org.testng.SuiteRunner.runSequentially(SuiteRunner.java:413)
at org.testng.SuiteRunner.privateRun(SuiteRunner.java:373)
at org.testng.SuiteRunner.run(SuiteRunner.java:312)
at org.testng.SuiteRunnerWorker.runSuite(SuiteRunnerWorker.java:52)
at org.testng.SuiteRunnerWorker.run(SuiteRunnerWorker.java:95)
at org.testng.TestNG.runSuitesSequentially(TestNG.java:1274)
at org.testng.TestNG.runSuitesLocally(TestNG.java:1208)
at org.testng.TestNG.runSuites(TestNG.java:1112)
at org.testng.TestNG.run(TestNG.java:1079)
at org.testng.remote.AbstractRemoteTestNG.run(AbstractRemoteTestNG.java:115)
at org.testng.remote.RemoteTestNG.initAndRun(RemoteTestNG.java:293)
at org.testng.remote.RemoteTestNG.main(RemoteTestNG.java:91)
]]>
            </full-stacktrace>
          </exception> <!-- java.lang.Error -->
          <reporter-output>
          </reporter-output>
        </test-method> <!-- signUpSuccessful -->
        <test-method is-config="true" signature="tearDown()[pri:0, instance:com.germany_is_calling.login.Login_Test@292b08d6]" started-at="2024-09-11T20:06:56 IST" name="tearDown" finished-at="2024-09-11T20:06:56 IST" duration-ms="223" status="PASS">
          <reporter-output>
          </reporter-output>
        </test-method> <!-- tearDown -->
        <test-method is-config="true" signature="setUp()[pri:0, instance:com.germany_is_calling.login.Login_Test@292b08d6]" started-at="2024-09-11T20:06:56 IST" name="setUp" finished-at="2024-09-11T20:06:57 IST" duration-ms="1445" status="PASS">
          <reporter-output>
          </reporter-output>
        </test-method> <!-- setUp -->
        <test-method signature="testSuccessfulSignin()[pri:3, instance:com.germany_is_calling.login.Login_Test@292b08d6]" started-at="2024-09-11T20:06:57 IST" name="testSuccessfulSignin" finished-at="2024-09-11T20:06:58 IST" duration-ms="840" status="PASS">
          <reporter-output>
          </reporter-output>
        </test-method> <!-- testSuccessfulSignin -->
        <test-method is-config="true" signature="tearDown()[pri:0, instance:com.germany_is_calling.login.Login_Test@292b08d6]" started-at="2024-09-11T20:06:58 IST" name="tearDown" finished-at="2024-09-11T20:06:58 IST" duration-ms="174" status="PASS">
          <reporter-output>
          </reporter-output>
        </test-method> <!-- tearDown -->
      </class> <!-- com.germany_is_calling.login.Login_Test -->
    </test> <!-- Default test -->
  </suite> <!-- Default suite -->
</testng-results>
